{"/home/thilee/Documents/projet/rickandmorty/App.tsx": {"path":"/home/thilee/Documents/projet/rickandmorty/App.tsx","statementMap":{"0":{"start":{"line":14,"column":15},"end":{"line":20,"column":2}},"1":{"start":{"line":23,"column":2},"end":{"line":33,"column":4}},"2":{"start":{"line":36,"column":15},"end":{"line":51,"column":2}}},"fnMap":{"0":{"name":"App","decl":{"start":{"line":22,"column":24},"end":{"line":22,"column":27}},"loc":{"start":{"line":22,"column":30},"end":{"line":34,"column":1}},"line":22}},"branchMap":{},"s":{"0":1,"1":1,"2":1},"f":{"0":1},"b":{},"_coverageSchema":"1a1c01bbd47fc00a2c39e90264f33305004495a9","hash":"cc59ca1b5f37e41ffedead1f07bcf1040953ce7c"}
,"/home/thilee/Documents/projet/rickandmorty/assets/title.png": {"path":"/home/thilee/Documents/projet/rickandmorty/assets/title.png","statementMap":{"0":{"start":{"line":1,"column":0},"end":{"line":1,"column":19}}},"fnMap":{},"branchMap":{},"s":{"0":2},"f":{},"b":{},"inputSourceMap":null,"_coverageSchema":"1a1c01bbd47fc00a2c39e90264f33305004495a9","hash":"1986d50f45e7a75174c359fe092da8b34e6a48c1"}
,"/home/thilee/Documents/projet/rickandmorty/src/index.ts": {"path":"/home/thilee/Documents/projet/rickandmorty/src/index.ts","statementMap":{},"fnMap":{},"branchMap":{},"s":{},"f":{},"b":{},"_coverageSchema":"1a1c01bbd47fc00a2c39e90264f33305004495a9","hash":"420943e1a26442127541e284e49c37d19e7a67f4"}
,"/home/thilee/Documents/projet/rickandmorty/src/components/character/CharacterCard.tsx": {"path":"/home/thilee/Documents/projet/rickandmorty/src/components/character/CharacterCard.tsx","statementMap":{"0":{"start":{"line":11,"column":2},"end":{"line":25,"column":4}},"1":{"start":{"line":16,"column":26},"end":{"line":16,"column":42}}},"fnMap":{"0":{"name":"CharacterCard","decl":{"start":{"line":10,"column":24},"end":{"line":10,"column":37}},"loc":{"start":{"line":10,"column":52},"end":{"line":26,"column":1}},"line":10},"1":{"name":"(anonymous_1)","decl":{"start":{"line":16,"column":17},"end":{"line":16,"column":18}},"loc":{"start":{"line":16,"column":26},"end":{"line":16,"column":42}},"line":16}},"branchMap":{},"s":{"0":5,"1":0},"f":{"0":5,"1":0},"b":{},"_coverageSchema":"1a1c01bbd47fc00a2c39e90264f33305004495a9","hash":"b3fa7dadfcc17381541350d9b95527b506259411"}
,"/home/thilee/Documents/projet/rickandmorty/src/components/character/CharacterDetails.tsx": {"path":"/home/thilee/Documents/projet/rickandmorty/src/components/character/CharacterDetails.tsx","statementMap":{"0":{"start":{"line":12,"column":2},"end":{"line":41,"column":4}}},"fnMap":{"0":{"name":"CharacterDetails","decl":{"start":{"line":11,"column":24},"end":{"line":11,"column":40}},"loc":{"start":{"line":11,"column":55},"end":{"line":42,"column":1}},"line":11}},"branchMap":{},"s":{"0":5},"f":{"0":5},"b":{},"_coverageSchema":"1a1c01bbd47fc00a2c39e90264f33305004495a9","hash":"ba040dbe7fa1d71611911201a08392c4b49d4c76"}
,"/home/thilee/Documents/projet/rickandmorty/src/components/character/CharacterList.tsx": {"path":"/home/thilee/Documents/projet/rickandmorty/src/components/character/CharacterList.tsx","statementMap":{"0":{"start":{"line":18,"column":26},"end":{"line":18,"column":37}},"1":{"start":{"line":20,"column":4},"end":{"line":20,"column":34}},"2":{"start":{"line":21,"column":38},"end":{"line":21,"column":72}},"3":{"start":{"line":22,"column":34},"end":{"line":22,"column":49}},"4":{"start":{"line":23,"column":31},"end":{"line":23,"column":60}},"5":{"start":{"line":24,"column":44},"end":{"line":29,"column":4}},"6":{"start":{"line":30,"column":38},"end":{"line":30,"column":69}},"7":{"start":{"line":32,"column":32},"end":{"line":34,"column":3}},"8":{"start":{"line":33,"column":4},"end":{"line":33,"column":35}},"9":{"start":{"line":36,"column":23},"end":{"line":40,"column":3}},"10":{"start":{"line":37,"column":4},"end":{"line":39,"column":5}},"11":{"start":{"line":38,"column":6},"end":{"line":38,"column":80}},"12":{"start":{"line":38,"column":37},"end":{"line":38,"column":77}},"13":{"start":{"line":42,"column":23},"end":{"line":46,"column":3}},"14":{"start":{"line":43,"column":4},"end":{"line":45,"column":5}},"15":{"start":{"line":44,"column":6},"end":{"line":44,"column":80}},"16":{"start":{"line":44,"column":37},"end":{"line":44,"column":77}},"17":{"start":{"line":48,"column":2},"end":{"line":56,"column":13}},"18":{"start":{"line":49,"column":4},"end":{"line":55,"column":5}},"19":{"start":{"line":50,"column":6},"end":{"line":53,"column":9}},"20":{"start":{"line":50,"column":43},"end":{"line":53,"column":7}},"21":{"start":{"line":54,"column":6},"end":{"line":54,"column":54}},"22":{"start":{"line":58,"column":2},"end":{"line":61,"column":16}},"23":{"start":{"line":59,"column":4},"end":{"line":59,"column":22}},"24":{"start":{"line":60,"column":4},"end":{"line":60,"column":15}},"25":{"start":{"line":63,"column":2},"end":{"line":136,"column":3}},"26":{"start":{"line":64,"column":4},"end":{"line":64,"column":60}},"27":{"start":{"line":65,"column":9},"end":{"line":136,"column":3}},"28":{"start":{"line":66,"column":4},"end":{"line":85,"column":6}},"29":{"start":{"line":78,"column":12},"end":{"line":78,"column":30}},"30":{"start":{"line":79,"column":12},"end":{"line":79,"column":23}},"31":{"start":{"line":87,"column":4},"end":{"line":135,"column":6}},"32":{"start":{"line":101,"column":40},"end":{"line":101,"column":53}},"33":{"start":{"line":115,"column":12},"end":{"line":117,"column":13}},"34":{"start":{"line":116,"column":14},"end":{"line":116,"column":49}},"35":{"start":{"line":121,"column":12},"end":{"line":123,"column":31}},"36":{"start":{"line":121,"column":45},"end":{"line":121,"column":70}}},"fnMap":{"0":{"name":"CharacterList","decl":{"start":{"line":17,"column":24},"end":{"line":17,"column":37}},"loc":{"start":{"line":17,"column":40},"end":{"line":137,"column":1}},"line":17},"1":{"name":"(anonymous_1)","decl":{"start":{"line":32,"column":32},"end":{"line":32,"column":33}},"loc":{"start":{"line":32,"column":38},"end":{"line":34,"column":3}},"line":32},"2":{"name":"(anonymous_2)","decl":{"start":{"line":36,"column":23},"end":{"line":36,"column":24}},"loc":{"start":{"line":36,"column":46},"end":{"line":40,"column":3}},"line":36},"3":{"name":"(anonymous_3)","decl":{"start":{"line":38,"column":16},"end":{"line":38,"column":17}},"loc":{"start":{"line":38,"column":37},"end":{"line":38,"column":77}},"line":38},"4":{"name":"(anonymous_4)","decl":{"start":{"line":42,"column":23},"end":{"line":42,"column":24}},"loc":{"start":{"line":42,"column":46},"end":{"line":46,"column":3}},"line":42},"5":{"name":"(anonymous_5)","decl":{"start":{"line":44,"column":16},"end":{"line":44,"column":17}},"loc":{"start":{"line":44,"column":37},"end":{"line":44,"column":77}},"line":44},"6":{"name":"(anonymous_6)","decl":{"start":{"line":48,"column":12},"end":{"line":48,"column":13}},"loc":{"start":{"line":48,"column":18},"end":{"line":56,"column":3}},"line":48},"7":{"name":"(anonymous_7)","decl":{"start":{"line":50,"column":20},"end":{"line":50,"column":21}},"loc":{"start":{"line":50,"column":43},"end":{"line":53,"column":7}},"line":50},"8":{"name":"(anonymous_8)","decl":{"start":{"line":58,"column":12},"end":{"line":58,"column":13}},"loc":{"start":{"line":58,"column":18},"end":{"line":61,"column":3}},"line":58},"9":{"name":"(anonymous_9)","decl":{"start":{"line":77,"column":19},"end":{"line":77,"column":20}},"loc":{"start":{"line":77,"column":25},"end":{"line":80,"column":11}},"line":77},"10":{"name":"(anonymous_10)","decl":{"start":{"line":101,"column":34},"end":{"line":101,"column":35}},"loc":{"start":{"line":101,"column":40},"end":{"line":101,"column":53}},"line":101},"11":{"name":"(anonymous_11)","decl":{"start":{"line":114,"column":24},"end":{"line":114,"column":25}},"loc":{"start":{"line":114,"column":30},"end":{"line":118,"column":11}},"line":114},"12":{"name":"(anonymous_12)","decl":{"start":{"line":120,"column":22},"end":{"line":120,"column":23}},"loc":{"start":{"line":121,"column":12},"end":{"line":123,"column":31}},"line":121},"13":{"name":"(anonymous_13)","decl":{"start":{"line":121,"column":39},"end":{"line":121,"column":40}},"loc":{"start":{"line":121,"column":45},"end":{"line":121,"column":70}},"line":121}},"branchMap":{"0":{"loc":{"start":{"line":37,"column":4},"end":{"line":39,"column":5}},"type":"if","locations":[{"start":{"line":37,"column":4},"end":{"line":39,"column":5}},{"start":{},"end":{}}],"line":37},"1":{"loc":{"start":{"line":43,"column":4},"end":{"line":45,"column":5}},"type":"if","locations":[{"start":{"line":43,"column":4},"end":{"line":45,"column":5}},{"start":{},"end":{}}],"line":43},"2":{"loc":{"start":{"line":49,"column":4},"end":{"line":55,"column":5}},"type":"if","locations":[{"start":{"line":49,"column":4},"end":{"line":55,"column":5}},{"start":{},"end":{}}],"line":49},"3":{"loc":{"start":{"line":49,"column":8},"end":{"line":49,"column":26}},"type":"binary-expr","locations":[{"start":{"line":49,"column":8},"end":{"line":49,"column":16}},{"start":{"line":49,"column":20},"end":{"line":49,"column":26}}],"line":49},"4":{"loc":{"start":{"line":63,"column":2},"end":{"line":136,"column":3}},"type":"if","locations":[{"start":{"line":63,"column":2},"end":{"line":136,"column":3}},{"start":{"line":65,"column":9},"end":{"line":136,"column":3}}],"line":63},"5":{"loc":{"start":{"line":63,"column":6},"end":{"line":63,"column":35}},"type":"binary-expr","locations":[{"start":{"line":63,"column":6},"end":{"line":63,"column":13}},{"start":{"line":63,"column":17},"end":{"line":63,"column":35}}],"line":63},"6":{"loc":{"start":{"line":65,"column":9},"end":{"line":136,"column":3}},"type":"if","locations":[{"start":{"line":65,"column":9},"end":{"line":136,"column":3}},{"start":{"line":86,"column":9},"end":{"line":136,"column":3}}],"line":65},"7":{"loc":{"start":{"line":104,"column":12},"end":{"line":112,"column":13}},"type":"cond-expr","locations":[{"start":{"line":105,"column":14},"end":{"line":109,"column":16}},{"start":{"line":111,"column":14},"end":{"line":111,"column":27}}],"line":104},"8":{"loc":{"start":{"line":115,"column":12},"end":{"line":117,"column":13}},"type":"if","locations":[{"start":{"line":115,"column":12},"end":{"line":117,"column":13}},{"start":{},"end":{}}],"line":115},"9":{"loc":{"start":{"line":126,"column":9},"end":{"line":133,"column":9}},"type":"cond-expr","locations":[{"start":{"line":127,"column":10},"end":{"line":130,"column":12}},{"start":{"line":132,"column":10},"end":{"line":132,"column":15}}],"line":126}},"s":{"0":14,"1":14,"2":14,"3":14,"4":14,"5":14,"6":14,"7":14,"8":0,"9":14,"10":0,"11":0,"12":0,"13":14,"14":0,"15":0,"16":0,"17":14,"18":7,"19":3,"20":3,"21":3,"22":14,"23":6,"24":6,"25":14,"26":5,"27":9,"28":4,"29":0,"30":0,"31":5,"32":1,"33":0,"34":0,"35":2,"36":0},"f":{"0":14,"1":0,"2":0,"3":0,"4":0,"5":0,"6":7,"7":3,"8":6,"9":0,"10":1,"11":0,"12":2,"13":0},"b":{"0":[0,0],"1":[0,0],"2":[3,4],"3":[7,5],"4":[5,9],"5":[14,5],"6":[4,5],"7":[3,2],"8":[0,0],"9":[0,5]},"_coverageSchema":"1a1c01bbd47fc00a2c39e90264f33305004495a9","hash":"abe65025e2cffc010b8b815885f766e97d0b20a9"}
,"/home/thilee/Documents/projet/rickandmorty/src/components/character/styles/CharacterCard.ts": {"path":"/home/thilee/Documents/projet/rickandmorty/src/components/character/styles/CharacterCard.ts","statementMap":{},"fnMap":{},"branchMap":{},"s":{},"f":{},"b":{},"_coverageSchema":"1a1c01bbd47fc00a2c39e90264f33305004495a9","hash":"82443e2f4e4d05fc1c13c85b53bf79dca088cc6c"}
,"/home/thilee/Documents/projet/rickandmorty/src/components/character/styles/CharacterDetails.ts": {"path":"/home/thilee/Documents/projet/rickandmorty/src/components/character/styles/CharacterDetails.ts","statementMap":{},"fnMap":{},"branchMap":{},"s":{},"f":{},"b":{},"_coverageSchema":"1a1c01bbd47fc00a2c39e90264f33305004495a9","hash":"3cd5847ce047e717463e32655285d7e5a4685987"}
,"/home/thilee/Documents/projet/rickandmorty/src/components/filter/GenderFilter.tsx": {"path":"/home/thilee/Documents/projet/rickandmorty/src/components/filter/GenderFilter.tsx","statementMap":{"0":{"start":{"line":13,"column":2},"end":{"line":27,"column":4}},"1":{"start":{"line":18,"column":42},"end":{"line":18,"column":64}},"2":{"start":{"line":23,"column":10},"end":{"line":23,"column":68}}},"fnMap":{"0":{"name":"GenderFilter","decl":{"start":{"line":12,"column":24},"end":{"line":12,"column":36}},"loc":{"start":{"line":12,"column":51},"end":{"line":28,"column":1}},"line":12},"1":{"name":"(anonymous_1)","decl":{"start":{"line":18,"column":23},"end":{"line":18,"column":24}},"loc":{"start":{"line":18,"column":42},"end":{"line":18,"column":64}},"line":18},"2":{"name":"(anonymous_2)","decl":{"start":{"line":22,"column":33},"end":{"line":22,"column":34}},"loc":{"start":{"line":23,"column":10},"end":{"line":23,"column":68}},"line":23}},"branchMap":{},"s":{"0":7,"1":0,"2":28},"f":{"0":7,"1":0,"2":28},"b":{},"_coverageSchema":"1a1c01bbd47fc00a2c39e90264f33305004495a9","hash":"3d6c4cfaff1aaef505252433711e13f53b468e19"}
,"/home/thilee/Documents/projet/rickandmorty/src/components/filter/StatusFilter.tsx": {"path":"/home/thilee/Documents/projet/rickandmorty/src/components/filter/StatusFilter.tsx","statementMap":{"0":{"start":{"line":13,"column":2},"end":{"line":27,"column":4}},"1":{"start":{"line":18,"column":42},"end":{"line":18,"column":64}},"2":{"start":{"line":23,"column":10},"end":{"line":23,"column":68}}},"fnMap":{"0":{"name":"StatusFilter","decl":{"start":{"line":12,"column":24},"end":{"line":12,"column":36}},"loc":{"start":{"line":12,"column":51},"end":{"line":28,"column":1}},"line":12},"1":{"name":"(anonymous_1)","decl":{"start":{"line":18,"column":23},"end":{"line":18,"column":24}},"loc":{"start":{"line":18,"column":42},"end":{"line":18,"column":64}},"line":18},"2":{"name":"(anonymous_2)","decl":{"start":{"line":22,"column":33},"end":{"line":22,"column":34}},"loc":{"start":{"line":23,"column":10},"end":{"line":23,"column":68}},"line":23}},"branchMap":{},"s":{"0":7,"1":0,"2":21},"f":{"0":7,"1":0,"2":21},"b":{},"_coverageSchema":"1a1c01bbd47fc00a2c39e90264f33305004495a9","hash":"d07fc91de61fd9b0b76384b428cd5fd4068d1f24"}
,"/home/thilee/Documents/projet/rickandmorty/src/components/filter/styles/Filter.ts": {"path":"/home/thilee/Documents/projet/rickandmorty/src/components/filter/styles/Filter.ts","statementMap":{},"fnMap":{},"branchMap":{},"s":{},"f":{},"b":{},"_coverageSchema":"1a1c01bbd47fc00a2c39e90264f33305004495a9","hash":"698e09b6bda8153dcbc3c6476837bd08a399b7f1"}
,"/home/thilee/Documents/projet/rickandmorty/src/components/utils/Header.tsx": {"path":"/home/thilee/Documents/projet/rickandmorty/src/components/utils/Header.tsx","statementMap":{"0":{"start":{"line":6,"column":2},"end":{"line":13,"column":4}}},"fnMap":{"0":{"name":"Header","decl":{"start":{"line":5,"column":24},"end":{"line":5,"column":30}},"loc":{"start":{"line":5,"column":33},"end":{"line":14,"column":1}},"line":5}},"branchMap":{},"s":{"0":3},"f":{"0":3},"b":{},"_coverageSchema":"1a1c01bbd47fc00a2c39e90264f33305004495a9","hash":"714a6c875c39b8a2aa1324f4d8721a6f91d82958"}
,"/home/thilee/Documents/projet/rickandmorty/src/components/utils/styles/Header.ts": {"path":"/home/thilee/Documents/projet/rickandmorty/src/components/utils/styles/Header.ts","statementMap":{},"fnMap":{},"branchMap":{},"s":{},"f":{},"b":{},"_coverageSchema":"1a1c01bbd47fc00a2c39e90264f33305004495a9","hash":"1b2355277d1b0f4ce57a04439d62402e0b9744a6"}
,"/home/thilee/Documents/projet/rickandmorty/src/queries/GetCharacters.ts": {"path":"/home/thilee/Documents/projet/rickandmorty/src/queries/GetCharacters.ts","statementMap":{},"fnMap":{},"branchMap":{},"s":{},"f":{},"b":{},"_coverageSchema":"1a1c01bbd47fc00a2c39e90264f33305004495a9","hash":"1966aba6eccb499f86e9903874234034dccece7a"}
}
